<?xml version="1.0" encoding="UTF-8"?>
<robot generator="Robot 5.0.1 (Python 3.10.8 on win32)" generated="20231019 15:05:53.003" rpa="false" schemaversion="3">
<suite id="s1" name="TC 0004 Login" source="C:\Users\Diego.Romero\Desktop\GitHub\QACourse\SeleniumExample\Tests\TC_0004_Login.robot">
<test id="s1-t1" name="TC_0004_Login" line="13">
<kw name="Login Mac" type="SETUP">
<kw name="Launch Web Page" library="Common">
<arg>https://mac.acatlan.unam.mx/</arg>
<kw name="Open Browser" library="SeleniumLibrary">
<arg>${url}</arg>
<arg>chrome</arg>
<doc>Opens a new browser instance to the optional ``url``.</doc>
<msg timestamp="20231019 15:05:53.171" level="INFO">Opening browser 'chrome' to base url 'https://mac.acatlan.unam.mx/'.</msg>
<status status="PASS" starttime="20231019 15:05:53.171" endtime="20231019 15:06:04.445"/>
</kw>
<status status="PASS" starttime="20231019 15:05:53.171" endtime="20231019 15:06:04.445"/>
</kw>
<kw name="Modal Window Should Be Open" library="HomePage">
<kw name="Wait Until Element Is Visible" library="SeleniumLibrary">
<arg>${HomePageLocators.titleModal}</arg>
<arg>60s</arg>
<doc>Waits until the element ``locator`` is visible.</doc>
<status status="PASS" starttime="20231019 15:06:04.445" endtime="20231019 15:06:04.772"/>
</kw>
<status status="PASS" starttime="20231019 15:06:04.445" endtime="20231019 15:06:04.772"/>
</kw>
<kw name="Close Modal Window" library="HomePage">
<kw name="Wait Until Element Is Visible" library="SeleniumLibrary">
<arg>${HomePageLocators.closeModal}</arg>
<arg>60s</arg>
<doc>Waits until the element ``locator`` is visible.</doc>
<status status="PASS" starttime="20231019 15:06:04.772" endtime="20231019 15:06:04.796"/>
</kw>
<kw name="Click Element" library="SeleniumLibrary">
<arg>${HomePageLocators.closeModal}</arg>
<doc>Click the element identified by ``locator``.</doc>
<msg timestamp="20231019 15:06:04.797" level="INFO">Clicking element '//a[@title='Close']'.</msg>
<status status="PASS" starttime="20231019 15:06:04.796" endtime="20231019 15:06:04.844"/>
</kw>
<status status="PASS" starttime="20231019 15:06:04.772" endtime="20231019 15:06:04.844"/>
</kw>
<kw name="Home Page Should Be Displayed" library="HomePage">
<kw name="Wait Until Element Is Visible" library="SeleniumLibrary">
<arg>${HomePageLocators.titleHomePage}</arg>
<arg>60s</arg>
<doc>Waits until the element ``locator`` is visible.</doc>
<status status="PASS" starttime="20231019 15:06:04.845" endtime="20231019 15:06:04.863"/>
</kw>
<status status="PASS" starttime="20231019 15:06:04.844" endtime="20231019 15:06:04.863"/>
</kw>
<kw name="Click On Login Button" library="HomePage">
<kw name="Click Element" library="SeleniumLibrary">
<arg>${HomePageLocators.loginButton}</arg>
<doc>Click the element identified by ``locator``.</doc>
<msg timestamp="20231019 15:06:04.865" level="INFO">Clicking element '//a[@href='/portada/persona/']'.</msg>
<status status="PASS" starttime="20231019 15:06:04.864" endtime="20231019 15:06:06.927"/>
</kw>
<status status="PASS" starttime="20231019 15:06:04.863" endtime="20231019 15:06:06.927"/>
</kw>
<status status="PASS" starttime="20231019 15:05:53.171" endtime="20231019 15:06:06.927"/>
</kw>
<kw name="Login Page Should Be Displayed" library="LoginPage">
<kw name="Wait Until Element Is Visible" library="SeleniumLibrary">
<arg>${loginPageLocators.loginLabel}</arg>
<doc>Waits until the element ``locator`` is visible.</doc>
<status status="PASS" starttime="20231019 15:06:06.930" endtime="20231019 15:06:06.953"/>
</kw>
<status status="PASS" starttime="20231019 15:06:06.930" endtime="20231019 15:06:06.954"/>
</kw>
<kw name="Student Login Should Be Displayed" library="LoginPage">
<kw name="Wait Until Element Is Visible" library="SeleniumLibrary">
<arg>${loginPageLocators.studentLogin}</arg>
<doc>Waits until the element ``locator`` is visible.</doc>
<status status="PASS" starttime="20231019 15:06:06.955" endtime="20231019 15:06:06.972"/>
</kw>
<status status="PASS" starttime="20231019 15:06:06.954" endtime="20231019 15:06:06.972"/>
</kw>
<kw name="Click On Student Login" library="LoginPage">
<kw name="Click Element" library="SeleniumLibrary">
<arg>${loginPageLocators.studentLogin}</arg>
<doc>Click the element identified by ``locator``.</doc>
<msg timestamp="20231019 15:06:06.972" level="INFO">Clicking element 'xpath=//img[@id="estudiante"]//following-sibling::p[contains(text(),'Alumno/Egresado')]'.</msg>
<status status="PASS" starttime="20231019 15:06:06.972" endtime="20231019 15:06:07.451"/>
</kw>
<status status="PASS" starttime="20231019 15:06:06.972" endtime="20231019 15:06:07.452"/>
</kw>
<kw name="Student Login Prompt Should Be Displayed" library="LoginPage">
<kw name="Wait Until Element Is Visible" library="SeleniumLibrary">
<arg>${loginPageLocators.accountLabel}</arg>
<doc>Waits until the element ``locator`` is visible.</doc>
<status status="PASS" starttime="20231019 15:06:07.453" endtime="20231019 15:06:07.485"/>
</kw>
<status status="PASS" starttime="20231019 15:06:07.453" endtime="20231019 15:06:07.485"/>
</kw>
<kw name="Enter Username" library="LoginPage">
<arg>username=419077006</arg>
<kw name="Input Text" library="SeleniumLibrary">
<arg>${loginPageLocators.usernameInput}</arg>
<arg>${username}</arg>
<doc>Types the given ``text`` into the text field identified by ``locator``.</doc>
<msg timestamp="20231019 15:06:07.486" level="INFO">Typing text '419077006' into text field 'id:usernames'.</msg>
<status status="PASS" starttime="20231019 15:06:07.486" endtime="20231019 15:06:07.560"/>
</kw>
<status status="PASS" starttime="20231019 15:06:07.485" endtime="20231019 15:06:07.560"/>
</kw>
<kw name="Enter Password" library="LoginPage">
<arg>password=20000127</arg>
<kw name="Input Text" library="SeleniumLibrary">
<arg>${loginPageLocators.passwordInput}</arg>
<arg>${password}</arg>
<doc>Types the given ``text`` into the text field identified by ``locator``.</doc>
<msg timestamp="20231019 15:06:07.561" level="INFO">Typing text '20000127' into text field 'id:elpassword'.</msg>
<status status="PASS" starttime="20231019 15:06:07.561" endtime="20231019 15:06:07.618"/>
</kw>
<status status="PASS" starttime="20231019 15:06:07.560" endtime="20231019 15:06:07.618"/>
</kw>
<kw name="Click On Sign In Button" library="LoginPage">
<kw name="Click Element" library="SeleniumLibrary">
<arg>${loginPageLocators.signInButton}</arg>
<doc>Click the element identified by ``locator``.</doc>
<msg timestamp="20231019 15:06:07.619" level="INFO">Clicking element 'xpath=//input[@value='Iniciar Sesión']'.</msg>
<status status="PASS" starttime="20231019 15:06:07.619" endtime="20231019 15:06:08.610"/>
</kw>
<status status="PASS" starttime="20231019 15:06:07.619" endtime="20231019 15:06:08.610"/>
</kw>
<kw name="Username Should Be Displayed" library="LoginPage">
<arg>username=Diego Romero Mora</arg>
<kw name="Wait Until Element Is Visible" library="SeleniumLibrary">
<arg>xpath=//div[contains(text(),'${username}')]</arg>
<doc>Waits until the element ``locator`` is visible.</doc>
<status status="PASS" starttime="20231019 15:06:08.611" endtime="20231019 15:06:08.635"/>
</kw>
<status status="PASS" starttime="20231019 15:06:08.611" endtime="20231019 15:06:08.635"/>
</kw>
<kw name="Logout Mac" type="TEARDOWN">
<kw name="Click On Logout Button" library="LoginPage">
<kw name="Click Element" library="SeleniumLibrary">
<arg>${loginPageLocators.logoutButton}</arg>
<doc>Click the element identified by ``locator``.</doc>
<msg timestamp="20231019 15:06:08.638" level="INFO">Clicking element '//a[@href='/portada/logout/']'.</msg>
<status status="PASS" starttime="20231019 15:06:08.637" endtime="20231019 15:06:10.120"/>
</kw>
<status status="PASS" starttime="20231019 15:06:08.637" endtime="20231019 15:06:10.120"/>
</kw>
<status status="PASS" starttime="20231019 15:06:08.636" endtime="20231019 15:06:10.120"/>
</kw>
<doc>Sign in to the XRS HOST</doc>
<tag>Login_Logout</tag>
<status status="PASS" starttime="20231019 15:05:53.171" endtime="20231019 15:06:10.120"/>
</test>
<doc>Test Suite for XRS HOST</doc>
<status status="PASS" starttime="20231019 15:05:53.006" endtime="20231019 15:06:10.121"/>
</suite>
<statistics>
<total>
<stat pass="1" fail="0" skip="0">All Tests</stat>
</total>
<tag>
<stat pass="1" fail="0" skip="0">Login_Logout</stat>
</tag>
<suite>
<stat pass="1" fail="0" skip="0" id="s1" name="TC 0004 Login">TC 0004 Login</stat>
</suite>
</statistics>
<errors>
</errors>
</robot>
