<?xml version="1.0" encoding="UTF-8"?>
<robot generator="Robot 6.1.1 (Python 3.10.8 on win32)" generated="20231015 19:42:43.204" rpa="false" schemaversion="4">
<suite id="s1" name="TC 0003 Mac Login" source="C:\Users\Diego.Romero\Desktop\GitHub\QACourse\SeleniumExample\Tests\TC_0003_Mac_Login.robot">
<test id="s1-t1" name="TC_0003_Mac_Login" line="9">
<kw name="Launch Web Page" library="Common">
<arg>https://mac.acatlan.unam.mx/</arg>
<kw name="Open Browser" library="SeleniumLibrary">
<arg>${url}</arg>
<arg>chrome</arg>
<doc>Opens a new browser instance to the optional ``url``.</doc>
<msg timestamp="20231015 19:42:43.356" level="INFO">Opening browser 'chrome' to base url 'https://mac.acatlan.unam.mx/'.</msg>
<status status="PASS" starttime="20231015 19:42:43.356" endtime="20231015 19:42:48.756"/>
</kw>
<status status="PASS" starttime="20231015 19:42:43.356" endtime="20231015 19:42:48.756"/>
</kw>
<kw name="Modal Window Should Be Open" library="HomePage">
<kw name="Wait Until Element Is Visible" library="SeleniumLibrary">
<arg>${HomePageLocators.titleModal}</arg>
<arg>60s</arg>
<doc>Waits until the element ``locator`` is visible.</doc>
<status status="PASS" starttime="20231015 19:42:48.756" endtime="20231015 19:42:48.774"/>
</kw>
<status status="PASS" starttime="20231015 19:42:48.756" endtime="20231015 19:42:48.774"/>
</kw>
<kw name="Close Modal Window" library="HomePage">
<kw name="Wait Until Element Is Visible" library="SeleniumLibrary">
<arg>${HomePageLocators.closeModal}</arg>
<arg>60s</arg>
<doc>Waits until the element ``locator`` is visible.</doc>
<status status="PASS" starttime="20231015 19:42:48.774" endtime="20231015 19:42:48.788"/>
</kw>
<kw name="Click Element" library="SeleniumLibrary">
<arg>${HomePageLocators.closeModal}</arg>
<doc>Click the element identified by ``locator``.</doc>
<msg timestamp="20231015 19:42:48.789" level="INFO">Clicking element '//a[@title='Close']'.</msg>
<status status="PASS" starttime="20231015 19:42:48.789" endtime="20231015 19:42:48.821"/>
</kw>
<status status="PASS" starttime="20231015 19:42:48.774" endtime="20231015 19:42:48.822"/>
</kw>
<kw name="Home Page Should Be Displayed" library="HomePage">
<kw name="Wait Until Element Is Visible" library="SeleniumLibrary">
<arg>${HomePageLocators.titleHomePage}</arg>
<arg>60s</arg>
<doc>Waits until the element ``locator`` is visible.</doc>
<status status="PASS" starttime="20231015 19:42:48.822" endtime="20231015 19:42:48.837"/>
</kw>
<status status="PASS" starttime="20231015 19:42:48.822" endtime="20231015 19:42:48.837"/>
</kw>
<kw name="Click On Login Button" library="HomePage">
<kw name="Click Element" library="SeleniumLibrary">
<arg>${HomePageLocators.loginButton1}</arg>
<doc>Click the element identified by ``locator``.</doc>
<msg timestamp="20231015 19:42:48.838" level="INFO">Clicking element '//a[@href='/portada/persona/']'.</msg>
<status status="PASS" starttime="20231015 19:42:48.837" endtime="20231015 19:42:50.967"/>
</kw>
<status status="PASS" starttime="20231015 19:42:48.837" endtime="20231015 19:42:50.967"/>
</kw>
<kw name="Sleep" library="BuiltIn">
<arg>30s</arg>
<doc>Pauses the test executed for the given time.</doc>
<msg timestamp="20231015 19:43:20.973" level="INFO">Slept 30 seconds</msg>
<status status="PASS" starttime="20231015 19:42:50.967" endtime="20231015 19:43:20.973"/>
</kw>
<doc>Sign in to the XRS HOST</doc>
<tag>Login_Logout</tag>
<status status="PASS" starttime="20231015 19:42:43.356" endtime="20231015 19:43:20.974"/>
</test>
<doc>Test Suite for XRS HOST</doc>
<status status="PASS" starttime="20231015 19:42:43.219" endtime="20231015 19:43:20.974"/>
</suite>
<statistics>
<total>
<stat pass="1" fail="0" skip="0">All Tests</stat>
</total>
<tag>
<stat pass="1" fail="0" skip="0">Login_Logout</stat>
</tag>
<suite>
<stat pass="1" fail="0" skip="0" id="s1" name="TC 0003 Mac Login">TC 0003 Mac Login</stat>
</suite>
</statistics>
<errors>
</errors>
</robot>
