<?xml version="1.0" encoding="UTF-8"?>
<robot generator="Robot 5.0.1 (Python 3.10.8 on win32)" generated="20231019 15:15:59.361" rpa="false" schemaversion="3">
<suite id="s1" name="TC 0004 Login" source="C:\Users\Diego.Romero\Desktop\GitHub\QACourse\SeleniumExample\Tests\TC_0004_Login.robot">
<test id="s1-t1" name="TC_0004_Login" line="14">
<kw name="Login Mac" type="SETUP">
<kw name="Launch Web Page" library="Common">
<arg>https://mac.acatlan.unam.mx/</arg>
<kw name="Open Browser" library="SeleniumLibrary">
<arg>${url}</arg>
<arg>chrome</arg>
<doc>Opens a new browser instance to the optional ``url``.</doc>
<msg timestamp="20231019 15:15:59.542" level="INFO">Opening browser 'chrome' to base url 'https://mac.acatlan.unam.mx/'.</msg>
<status status="PASS" starttime="20231019 15:15:59.542" endtime="20231019 15:16:11.484"/>
</kw>
<status status="PASS" starttime="20231019 15:15:59.542" endtime="20231019 15:16:11.485"/>
</kw>
<kw name="Modal Window Should Be Open" library="HomePage">
<kw name="Wait Until Element Is Visible" library="SeleniumLibrary">
<arg>${HomePageLocators.titleModal}</arg>
<arg>60s</arg>
<doc>Waits until the element ``locator`` is visible.</doc>
<status status="PASS" starttime="20231019 15:16:11.485" endtime="20231019 15:16:11.810"/>
</kw>
<status status="PASS" starttime="20231019 15:16:11.485" endtime="20231019 15:16:11.810"/>
</kw>
<kw name="Close Modal Window" library="HomePage">
<kw name="Wait Until Element Is Visible" library="SeleniumLibrary">
<arg>${HomePageLocators.closeModal}</arg>
<arg>60s</arg>
<doc>Waits until the element ``locator`` is visible.</doc>
<status status="PASS" starttime="20231019 15:16:11.810" endtime="20231019 15:16:11.829"/>
</kw>
<kw name="Click Element" library="SeleniumLibrary">
<arg>${HomePageLocators.closeModal}</arg>
<doc>Click the element identified by ``locator``.</doc>
<msg timestamp="20231019 15:16:11.830" level="INFO">Clicking element '//a[@title='Close']'.</msg>
<status status="PASS" starttime="20231019 15:16:11.829" endtime="20231019 15:16:11.874"/>
</kw>
<status status="PASS" starttime="20231019 15:16:11.810" endtime="20231019 15:16:11.874"/>
</kw>
<kw name="Home Page Should Be Displayed" library="HomePage">
<kw name="Wait Until Element Is Visible" library="SeleniumLibrary">
<arg>${HomePageLocators.titleHomePage}</arg>
<arg>60s</arg>
<doc>Waits until the element ``locator`` is visible.</doc>
<status status="PASS" starttime="20231019 15:16:11.874" endtime="20231019 15:16:11.888"/>
</kw>
<status status="PASS" starttime="20231019 15:16:11.874" endtime="20231019 15:16:11.888"/>
</kw>
<kw name="Click On Login Button" library="HomePage">
<kw name="Click Element" library="SeleniumLibrary">
<arg>${HomePageLocators.loginButton}</arg>
<doc>Click the element identified by ``locator``.</doc>
<msg timestamp="20231019 15:16:11.889" level="INFO">Clicking element '//a[@href='/portada/persona/']'.</msg>
<status status="PASS" starttime="20231019 15:16:11.888" endtime="20231019 15:16:12.930"/>
</kw>
<status status="PASS" starttime="20231019 15:16:11.888" endtime="20231019 15:16:12.930"/>
</kw>
<status status="PASS" starttime="20231019 15:15:59.542" endtime="20231019 15:16:12.931"/>
</kw>
<kw name="Login Page Should Be Displayed" library="LoginPage">
<kw name="Wait Until Element Is Visible" library="SeleniumLibrary">
<arg>${loginPageLocators.loginLabel}</arg>
<doc>Waits until the element ``locator`` is visible.</doc>
<status status="PASS" starttime="20231019 15:16:12.931" endtime="20231019 15:16:12.958"/>
</kw>
<status status="PASS" starttime="20231019 15:16:12.931" endtime="20231019 15:16:12.958"/>
</kw>
<kw name="Student Login Should Be Displayed" library="LoginPage">
<kw name="Wait Until Element Is Visible" library="SeleniumLibrary">
<arg>${loginPageLocators.studentLogin}</arg>
<doc>Waits until the element ``locator`` is visible.</doc>
<status status="PASS" starttime="20231019 15:16:12.958" endtime="20231019 15:16:12.977"/>
</kw>
<status status="PASS" starttime="20231019 15:16:12.958" endtime="20231019 15:16:12.977"/>
</kw>
<kw name="Click On Student Login" library="LoginPage">
<kw name="Click Element" library="SeleniumLibrary">
<arg>${loginPageLocators.studentLogin}</arg>
<doc>Click the element identified by ``locator``.</doc>
<msg timestamp="20231019 15:16:12.979" level="INFO">Clicking element 'xpath=//img[@id="estudiante"]//following-sibling::p[contains(text(),'Alumno/Egresado')]'.</msg>
<status status="PASS" starttime="20231019 15:16:12.978" endtime="20231019 15:16:13.428"/>
</kw>
<status status="PASS" starttime="20231019 15:16:12.977" endtime="20231019 15:16:13.428"/>
</kw>
<kw name="Student Login Prompt Should Be Displayed" library="LoginPage">
<kw name="Wait Until Element Is Visible" library="SeleniumLibrary">
<arg>${loginPageLocators.accountLabel}</arg>
<doc>Waits until the element ``locator`` is visible.</doc>
<status status="PASS" starttime="20231019 15:16:13.430" endtime="20231019 15:16:13.462"/>
</kw>
<status status="PASS" starttime="20231019 15:16:13.429" endtime="20231019 15:16:13.462"/>
</kw>
<kw name="Enter Username" library="LoginPage">
<arg>username=${credentialsData.username}</arg>
<kw name="Input Text" library="SeleniumLibrary">
<arg>${loginPageLocators.usernameInput}</arg>
<arg>${username}</arg>
<doc>Types the given ``text`` into the text field identified by ``locator``.</doc>
<msg timestamp="20231019 15:16:13.465" level="INFO">Typing text '419077006' into text field 'id:usernames'.</msg>
<status status="PASS" starttime="20231019 15:16:13.464" endtime="20231019 15:16:13.557"/>
</kw>
<status status="PASS" starttime="20231019 15:16:13.464" endtime="20231019 15:16:13.557"/>
</kw>
<kw name="Enter Password" library="LoginPage">
<arg>password=${credentialsData.password}</arg>
<kw name="Input Text" library="SeleniumLibrary">
<arg>${loginPageLocators.passwordInput}</arg>
<arg>${password}</arg>
<doc>Types the given ``text`` into the text field identified by ``locator``.</doc>
<msg timestamp="20231019 15:16:13.558" level="INFO">Typing text '20000127' into text field 'id:elpassword'.</msg>
<status status="PASS" starttime="20231019 15:16:13.558" endtime="20231019 15:16:13.617"/>
</kw>
<status status="PASS" starttime="20231019 15:16:13.557" endtime="20231019 15:16:13.617"/>
</kw>
<kw name="Click On Sign In Button" library="LoginPage">
<kw name="Click Element" library="SeleniumLibrary">
<arg>${loginPageLocators.signInButton}</arg>
<doc>Click the element identified by ``locator``.</doc>
<msg timestamp="20231019 15:16:13.619" level="INFO">Clicking element 'xpath=//input[@value='Iniciar Sesión']'.</msg>
<status status="PASS" starttime="20231019 15:16:13.618" endtime="20231019 15:16:14.438"/>
</kw>
<status status="PASS" starttime="20231019 15:16:13.618" endtime="20231019 15:16:14.439"/>
</kw>
<kw name="Username Should Be Displayed" library="LoginPage">
<arg>username=Diego Romero Mora</arg>
<kw name="Wait Until Element Is Visible" library="SeleniumLibrary">
<arg>xpath=//div[contains(text(),'${username}')]</arg>
<doc>Waits until the element ``locator`` is visible.</doc>
<status status="PASS" starttime="20231019 15:16:14.440" endtime="20231019 15:16:14.468"/>
</kw>
<status status="PASS" starttime="20231019 15:16:14.440" endtime="20231019 15:16:14.468"/>
</kw>
<kw name="Logout Mac" type="TEARDOWN">
<kw name="Click On Logout Button" library="LoginPage">
<kw name="Click Element" library="SeleniumLibrary">
<arg>${loginPageLocators.logoutButton}</arg>
<doc>Click the element identified by ``locator``.</doc>
<msg timestamp="20231019 15:16:14.468" level="INFO">Clicking element '//a[@href='/portada/logout/']'.</msg>
<status status="PASS" starttime="20231019 15:16:14.468" endtime="20231019 15:16:15.184"/>
</kw>
<status status="PASS" starttime="20231019 15:16:14.468" endtime="20231019 15:16:15.185"/>
</kw>
<status status="PASS" starttime="20231019 15:16:14.468" endtime="20231019 15:16:15.185"/>
</kw>
<doc>Sign in to the Mac page</doc>
<tag>Login_Logout</tag>
<status status="PASS" starttime="20231019 15:15:59.542" endtime="20231019 15:16:15.185"/>
</test>
<doc>Test Suite for XRS HOST</doc>
<status status="PASS" starttime="20231019 15:15:59.365" endtime="20231019 15:16:15.186"/>
</suite>
<statistics>
<total>
<stat pass="1" fail="0" skip="0">All Tests</stat>
</total>
<tag>
<stat pass="1" fail="0" skip="0">Login_Logout</stat>
</tag>
<suite>
<stat pass="1" fail="0" skip="0" id="s1" name="TC 0004 Login">TC 0004 Login</stat>
</suite>
</statistics>
<errors>
</errors>
</robot>
